<?xml version="1.0" encoding="UTF-8"?>
<testsuite xmlns:xsi="http://www.w3.org/2001/XMLSchema-instance" xsi:noNamespaceSchemaLocation="https://maven.apache.org/surefire/maven-surefire-plugin/xsd/surefire-test-report-3.0.xsd" version="3.0" name="de.hhn.mi.swlab.model.SimpleFileConverterTest" time="81.449" tests="2" errors="0" skipped="0" failures="0">
  <properties>
    <property name="java.specification.version" value="21"/>
    <property name="sun.cpu.isalist" value="amd64"/>
    <property name="sun.jnu.encoding" value="Cp1252"/>
    <property name="java.class.path" value="C:\Users\samue\group06\ctConverter\target\test-classes;C:\Users\samue\group06\ctConverter\target\classes;C:\Users\samue\.m2\repository\com\example\ctLogger\1.0-SNAPSHOT\ctLogger-1.0-SNAPSHOT.jar;C:\Users\samue\.m2\repository\org\openjfx\javafx-controls\17.0.2\javafx-controls-17.0.2.jar;C:\Users\samue\.m2\repository\org\openjfx\javafx-controls\17.0.2\javafx-controls-17.0.2-win.jar;C:\Users\samue\.m2\repository\org\openjfx\javafx-graphics\17.0.2\javafx-graphics-17.0.2.jar;C:\Users\samue\.m2\repository\org\openjfx\javafx-graphics\17.0.2\javafx-graphics-17.0.2-win.jar;C:\Users\samue\.m2\repository\org\openjfx\javafx-base\17.0.2\javafx-base-17.0.2.jar;C:\Users\samue\.m2\repository\org\openjfx\javafx-base\17.0.2\javafx-base-17.0.2-win.jar;C:\Users\samue\.m2\repository\org\openjfx\javafx-fxml\17.0.2\javafx-fxml-17.0.2.jar;C:\Users\samue\.m2\repository\org\openjfx\javafx-fxml\17.0.2\javafx-fxml-17.0.2-win.jar;C:\Users\samue\.m2\repository\org\junit\jupiter\junit-jupiter-api\5.9.1\junit-jupiter-api-5.9.1.jar;C:\Users\samue\.m2\repository\org\opentest4j\opentest4j\1.2.0\opentest4j-1.2.0.jar;C:\Users\samue\.m2\repository\org\junit\platform\junit-platform-commons\1.9.1\junit-platform-commons-1.9.1.jar;C:\Users\samue\.m2\repository\org\apiguardian\apiguardian-api\1.1.2\apiguardian-api-1.1.2.jar;C:\Users\samue\.m2\repository\org\junit\jupiter\junit-jupiter-engine\5.9.1\junit-jupiter-engine-5.9.1.jar;C:\Users\samue\.m2\repository\org\junit\platform\junit-platform-engine\1.9.1\junit-platform-engine-1.9.1.jar;C:\Users\samue\.m2\repository\org\testng\testng\7.9.0\testng-7.9.0.jar;C:\Users\samue\.m2\repository\org\slf4j\slf4j-api\1.7.36\slf4j-api-1.7.36.jar;C:\Users\samue\.m2\repository\com\beust\jcommander\1.82\jcommander-1.82.jar;C:\Users\samue\.m2\repository\org\webjars\jquery\3.7.1\jquery-3.7.1.jar;"/>
    <property name="java.vm.vendor" value="Oracle Corporation"/>
    <property name="sun.arch.data.model" value="64"/>
    <property name="user.variant" value=""/>
    <property name="java.vendor.url" value="https://java.oracle.com/"/>
    <property name="user.timezone" value="Europe/Berlin"/>
    <property name="os.name" value="Windows 11"/>
    <property name="java.vm.specification.version" value="21"/>
    <property name="sun.java.launcher" value="SUN_STANDARD"/>
    <property name="user.country" value="DE"/>
    <property name="sun.boot.library.path" value="C:\Users\samue\.jdks\openjdk-21\bin"/>
    <property name="sun.java.command" value="C:\Users\samue\AppData\Local\Temp\surefire5976682532592540417\surefirebooter-20231227160053616_3.jar C:\Users\samue\AppData\Local\Temp\surefire5976682532592540417 2023-12-27T16-00-53_515-jvmRun1 surefire-20231227160053616_1tmp surefire_0-20231227160053616_2tmp"/>
    <property name="jdk.debug" value="release"/>
    <property name="surefire.test.class.path" value="C:\Users\samue\group06\ctConverter\target\test-classes;C:\Users\samue\group06\ctConverter\target\classes;C:\Users\samue\.m2\repository\com\example\ctLogger\1.0-SNAPSHOT\ctLogger-1.0-SNAPSHOT.jar;C:\Users\samue\.m2\repository\org\openjfx\javafx-controls\17.0.2\javafx-controls-17.0.2.jar;C:\Users\samue\.m2\repository\org\openjfx\javafx-controls\17.0.2\javafx-controls-17.0.2-win.jar;C:\Users\samue\.m2\repository\org\openjfx\javafx-graphics\17.0.2\javafx-graphics-17.0.2.jar;C:\Users\samue\.m2\repository\org\openjfx\javafx-graphics\17.0.2\javafx-graphics-17.0.2-win.jar;C:\Users\samue\.m2\repository\org\openjfx\javafx-base\17.0.2\javafx-base-17.0.2.jar;C:\Users\samue\.m2\repository\org\openjfx\javafx-base\17.0.2\javafx-base-17.0.2-win.jar;C:\Users\samue\.m2\repository\org\openjfx\javafx-fxml\17.0.2\javafx-fxml-17.0.2.jar;C:\Users\samue\.m2\repository\org\openjfx\javafx-fxml\17.0.2\javafx-fxml-17.0.2-win.jar;C:\Users\samue\.m2\repository\org\junit\jupiter\junit-jupiter-api\5.9.1\junit-jupiter-api-5.9.1.jar;C:\Users\samue\.m2\repository\org\opentest4j\opentest4j\1.2.0\opentest4j-1.2.0.jar;C:\Users\samue\.m2\repository\org\junit\platform\junit-platform-commons\1.9.1\junit-platform-commons-1.9.1.jar;C:\Users\samue\.m2\repository\org\apiguardian\apiguardian-api\1.1.2\apiguardian-api-1.1.2.jar;C:\Users\samue\.m2\repository\org\junit\jupiter\junit-jupiter-engine\5.9.1\junit-jupiter-engine-5.9.1.jar;C:\Users\samue\.m2\repository\org\junit\platform\junit-platform-engine\1.9.1\junit-platform-engine-1.9.1.jar;C:\Users\samue\.m2\repository\org\testng\testng\7.9.0\testng-7.9.0.jar;C:\Users\samue\.m2\repository\org\slf4j\slf4j-api\1.7.36\slf4j-api-1.7.36.jar;C:\Users\samue\.m2\repository\com\beust\jcommander\1.82\jcommander-1.82.jar;C:\Users\samue\.m2\repository\org\webjars\jquery\3.7.1\jquery-3.7.1.jar;"/>
    <property name="sun.cpu.endian" value="little"/>
    <property name="user.home" value="C:\Users\samue"/>
    <property name="user.language" value="de"/>
    <property name="java.specification.vendor" value="Oracle Corporation"/>
    <property name="java.version.date" value="2023-09-19"/>
    <property name="java.home" value="C:\Users\samue\.jdks\openjdk-21"/>
    <property name="file.separator" value="\"/>
    <property name="basedir" value="C:\Users\samue\group06\ctConverter"/>
    <property name="java.vm.compressedOopsMode" value="Zero based"/>
    <property name="line.separator" value="&#10;"/>
    <property name="java.vm.specification.vendor" value="Oracle Corporation"/>
    <property name="java.specification.name" value="Java Platform API Specification"/>
    <property name="surefire.real.class.path" value="C:\Users\samue\AppData\Local\Temp\surefire5976682532592540417\surefirebooter-20231227160053616_3.jar"/>
    <property name="user.script" value=""/>
    <property name="sun.management.compiler" value="HotSpot 64-Bit Tiered Compilers"/>
    <property name="java.runtime.version" value="21+35-2513"/>
    <property name="user.name" value="samue"/>
    <property name="stdout.encoding" value="Cp1252"/>
    <property name="path.separator" value=";"/>
    <property name="os.version" value="10.0"/>
    <property name="java.runtime.name" value="OpenJDK Runtime Environment"/>
    <property name="file.encoding" value="UTF-8"/>
    <property name="java.vm.name" value="OpenJDK 64-Bit Server VM"/>
    <property name="localRepository" value="C:\Users\samue\.m2\repository"/>
    <property name="java.vendor.url.bug" value="https://bugreport.java.com/bugreport/"/>
    <property name="java.io.tmpdir" value="C:\Users\samue\AppData\Local\Temp\"/>
    <property name="idea.version" value="2023.3.1"/>
    <property name="java.version" value="21"/>
    <property name="user.dir" value="C:\Users\samue\group06\ctConverter"/>
    <property name="os.arch" value="amd64"/>
    <property name="java.vm.specification.name" value="Java Virtual Machine Specification"/>
    <property name="sun.os.patch.level" value=""/>
    <property name="native.encoding" value="Cp1252"/>
    <property name="java.library.path" value="C:\Users\samue\.jdks\openjdk-21\bin;C:\WINDOWS\Sun\Java\bin;C:\WINDOWS\system32;C:\WINDOWS;C:\Program Files\Eclipse Adoptium\jdk-19.0.2.7-hotspot\bin;C:\WINDOWS\system32;C:\WINDOWS;C:\WINDOWS\System32\Wbem;C:\WINDOWS\System32\WindowsPowerShell\v1.0\;C:\WINDOWS\System32\OpenSSH\;C:\Program Files\MATLAB\R2022b\bin;C:\Program Files\Git\cmd;C:\Program Files\dotnet\;C:\Users\samue\OneDrive\Desktop\maven\apache-maven-3.9.5\bin;;C:\Program Files\Git LFS;C:\Users\samue\AppData\Local\Microsoft\WindowsApps;C:\Users\samue\.dotnet\tools;C:\Users\samue\AppData\Local\Programs\Microsoft VS Code\bin;."/>
    <property name="java.vm.info" value="mixed mode, sharing"/>
    <property name="stderr.encoding" value="Cp1252"/>
    <property name="java.vendor" value="Oracle Corporation"/>
    <property name="java.vm.version" value="21+35-2513"/>
    <property name="sun.io.unicode.encoding" value="UnicodeLittle"/>
    <property name="java.class.version" value="65.0"/>
  </properties>
  <testcase name="convertTxtAndBinToCtTest" classname="de.hhn.mi.swlab.model.SimpleFileConverterTest" time="0.163">
    <system-out><![CDATA[27-12-2023 16:00:54 INFO: de.hhn.mi.swlab.model.SimpleFileConverter.<init>: SimpleFileConverter was created
C:\Users\samue\group06\ctConverter\src\main\resources\dataViewer1.ct
C:\Users\samue\group06\ctConverter\src\test\resources\TxtFileTest
C:\Users\samue\group06\ctConverter\src\test\resources\BinFileTest.bin
]]></system-out>
  </testcase>
  <testcase name="convertCtToTxtAndBinTest" classname="de.hhn.mi.swlab.model.SimpleFileConverterTest" time="81.267">
    <system-out><![CDATA[27-12-2023 16:00:54 INFO: de.hhn.mi.swlab.model.SimpleFileConverter.<init>: SimpleFileConverter was created
C:\Users\samue\group06\ctConverter\src\main\resources\dataViewer1.ct
C:\Users\samue\group06\ctConverter\src\test\resources\TxtFileTest
C:\Users\samue\group06\ctConverter\src\test\resources\BinFileTest.bin
name	Michael Sch√∂ll
birth	29.06.1998
weight	103
height	204
IZ	100459ASM98
image	null
DATA
256
256
256
256
175
175
27-12-2023 16:00:54 INFO: de.hhn.mi.swlab.model.SimpleDataReader.getImageParameters: Image parameters were extracted from Text file
27-12-2023 16:00:54 INFO: de.hhn.mi.swlab.model.SimpleDataReader.readTxtFileContentFromCtFile: Text file contents were extracted from ct file
27-12-2023 16:01:01 INFO: de.hhn.mi.swlab.model.SimpleDataWriter.writeTxtFile: Text file was written
27-12-2023 16:01:20 INFO: de.hhn.mi.swlab.model.SimpleDataWriter.writeBinFile: Binary file was written
27-12-2023 16:01:20 INFO: de.hhn.mi.swlab.model.SimpleFileConverter.convertCtToTxtAndBin: Ct file was converted to a text and binary file
27-12-2023 16:01:35 INFO: de.hhn.mi.swlab.model.SimpleDataReader.readBinFile: Binary file was read
27-12-2023 16:02:15 INFO: de.hhn.mi.swlab.model.SimpleDataReader.readBinFile: Binary file was read
27-12-2023 16:02:15 INFO: de.hhn.mi.swlab.model.SimpleDataReader.readTxtFile: Text file was read
27-12-2023 16:02:15 INFO: de.hhn.mi.swlab.model.SimpleDataReader.readTxtFile: Text file was read
]]></system-out>
  </testcase>
</testsuite>